Removed Pin From Net: NetName=5V Pin=J?-02
Removed Pin From Net: NetName=5V Pin=J?-04
Removed Pin From Net: NetName=GND Pin=J?-39
Change Component Comment : Designator=C1 Old Comment=0.1uF 50V  New Comment=0.1uF 50V
Change Component Comment : Designator=C4 Old Comment=0.1uF 50V  New Comment=0.1uF 50V
Change Component Comment : Designator=C9 Old Comment=0.1uF 50V  New Comment=0.1uF 50V
Change Component Comment : Designator=C2 Old Comment=10uF 50V  New Comment=10uF 50V
Change Component Comment : Designator=C3 Old Comment=10uF 50V  New Comment=10uF 50V
Change Component Comment : Designator=C5 Old Comment=10uF 50V  New Comment=10uF 50V
Change Component Comment : Designator=C6 Old Comment=10uF 50V  New Comment=10uF 50V
Change Component Comment : Designator=C7 Old Comment=10uF 50V  New Comment=10uF 50V
Change Component Comment : Designator=C8 Old Comment=10uF 50V  New Comment=10uF 50V
Added Component: Designator=C11(0805)
Add component (AddParameter): Name = "Manufacturer Part Number 1"; Value = "C1608X5R1V225K080AC"; VariantName = "[No Variations]"
Add component (AddParameter): Name = "Manufacturer Part Number 2"; Value = "CGA4J1X7R1V225K125AE"; VariantName = "[No Variations]"
Add component (AddParameter): Name = "Operating Temperature"; Value = "-55°C ~ 125°C"; VariantName = "[No Variations]"
Add component (AddParameter): Name = "Package"; Value = "0603/0805"; VariantName = "[No Variations]"
Add component (AddParameter): Name = "Part Number"; Value = "CAP 2.2uF 35V"; VariantName = "[No Variations]"
Add component (AddParameter): Name = "Rating"; Value = "35V"; VariantName = "[No Variations]"
Add component (AddParameter): Name = "Supplier 1"; Value = "Digi-Key"; VariantName = "[No Variations]"
Add component (AddParameter): Name = "Supplier 2"; Value = "Digi-Key"; VariantName = "[No Variations]"
Add component (AddParameter): Name = "Supplier Part Number 1"; Value = "445-8025-1-ND"; VariantName = "[No Variations]"
Add component (AddParameter): Name = "Supplier Part Number 2"; Value = "445-8787-1-ND"; VariantName = "[No Variations]"
Add component (AddParameter): Name = "Temperature Coefficient"; Value = "X5R"; VariantName = "[No Variations]"
Add component (AddParameter): Name = "Tolerance"; Value = "10%"; VariantName = "[No Variations]"
Add component (AddParameter): Name = "Value"; Value = "2.2uF"; VariantName = "[No Variations]"
Added Component: Designator=C12(0805)
Add component (AddParameter): Name = "Manufacturer Part Number 1"; Value = "C1608X5R1V225K080AC"; VariantName = "[No Variations]"
Add component (AddParameter): Name = "Manufacturer Part Number 2"; Value = "CGA4J1X7R1V225K125AE"; VariantName = "[No Variations]"
Add component (AddParameter): Name = "Operating Temperature"; Value = "-55°C ~ 125°C"; VariantName = "[No Variations]"
Add component (AddParameter): Name = "Package"; Value = "0603/0805"; VariantName = "[No Variations]"
Add component (AddParameter): Name = "Part Number"; Value = "CAP 2.2uF 35V"; VariantName = "[No Variations]"
Add component (AddParameter): Name = "Rating"; Value = "35V"; VariantName = "[No Variations]"
Add component (AddParameter): Name = "Supplier 1"; Value = "Digi-Key"; VariantName = "[No Variations]"
Add component (AddParameter): Name = "Supplier 2"; Value = "Digi-Key"; VariantName = "[No Variations]"
Add component (AddParameter): Name = "Supplier Part Number 1"; Value = "445-8025-1-ND"; VariantName = "[No Variations]"
Add component (AddParameter): Name = "Supplier Part Number 2"; Value = "445-8787-1-ND"; VariantName = "[No Variations]"
Add component (AddParameter): Name = "Temperature Coefficient"; Value = "X5R"; VariantName = "[No Variations]"
Add component (AddParameter): Name = "Tolerance"; Value = "10%"; VariantName = "[No Variations]"
Add component (AddParameter): Name = "Value"; Value = "2.2uF"; VariantName = "[No Variations]"
Added Component: Designator=J2(TE_5-103634-4)
Add component (AddParameter): Name = "Availability"; Value = "Unavailable"; VariantName = "[No Variations]"
Add component (AddParameter): Name = "MF"; Value = ""; VariantName = "[No Variations]"
Add component (AddParameter): Name = "MP"; Value = "5-103634-4"; VariantName = "[No Variations]"
Add component (AddParameter): Name = "Package"; Value = "None"; VariantName = "[No Variations]"
Add component (AddParameter): Name = "Price"; Value = "None"; VariantName = "[No Variations]"
Add component (AddParameter): Name = "Value"; Value = ""; VariantName = "[No Variations]"
Added Component: Designator=J3(CN HDR 40POS 0.1 TH)
Add component (AddParameter): Name = "Part Number"; Value = "CN HDR 40POS"; VariantName = "[No Variations]"
Add component (AddParameter): Name = "Pin Count"; Value = "40"; VariantName = "[No Variations]"
Add component (AddParameter): Name = "Supplier 1"; Value = "Digi-Key"; VariantName = "[No Variations]"
Add component (AddParameter): Name = "Supplier Part Number 1"; Value = "S6104-ND"; VariantName = "[No Variations]"
Add component (AddParameter): Name = "Supplier URL 1"; Value = "https://www.digikey.ca/en/products/detail/sullins-connector-solutions/PPTC202LFBN-RC/807240?s=N4IgTCBcDaIMoDYCMAGALAWgHIBEQF0BfIA"; VariantName = "[No Variations]"
Add Component: Footprint Not Found CON4_1X4_P100RM_HDR_TYC
Add Component: Footprint Not Found CON4_1X4_P100RM_HDR_TYC
Added Component: Designator=J6(TE_5-103634-4)
Add component (AddParameter): Name = "Availability"; Value = "Unavailable"; VariantName = "[No Variations]"
Add component (AddParameter): Name = "MF"; Value = ""; VariantName = "[No Variations]"
Add component (AddParameter): Name = "MP"; Value = "5-103634-4"; VariantName = "[No Variations]"
Add component (AddParameter): Name = "Package"; Value = "None"; VariantName = "[No Variations]"
Add component (AddParameter): Name = "Price"; Value = "None"; VariantName = "[No Variations]"
Add component (AddParameter): Name = "Value"; Value = ""; VariantName = "[No Variations]"
Added Component: Designator=J7(TE_5-103634-4)
Add component (AddParameter): Name = "Availability"; Value = "Unavailable"; VariantName = "[No Variations]"
Add component (AddParameter): Name = "MF"; Value = ""; VariantName = "[No Variations]"
Add component (AddParameter): Name = "MP"; Value = "5-103634-4"; VariantName = "[No Variations]"
Add component (AddParameter): Name = "Package"; Value = "None"; VariantName = "[No Variations]"
Add component (AddParameter): Name = "Price"; Value = "None"; VariantName = "[No Variations]"
Add component (AddParameter): Name = "Value"; Value = ""; VariantName = "[No Variations]"
Added Component: Designator=J8(TE_5-103634-4)
Add component (AddParameter): Name = "Availability"; Value = "Unavailable"; VariantName = "[No Variations]"
Add component (AddParameter): Name = "MF"; Value = ""; VariantName = "[No Variations]"
Add component (AddParameter): Name = "MP"; Value = "5-103634-4"; VariantName = "[No Variations]"
Add component (AddParameter): Name = "Package"; Value = "None"; VariantName = "[No Variations]"
Add component (AddParameter): Name = "Price"; Value = "None"; VariantName = "[No Variations]"
Add component (AddParameter): Name = "Value"; Value = ""; VariantName = "[No Variations]"
Added Component: Designator=J9(TE_5-103634-4)
Add component (AddParameter): Name = "Availability"; Value = "Unavailable"; VariantName = "[No Variations]"
Add component (AddParameter): Name = "MF"; Value = ""; VariantName = "[No Variations]"
Add component (AddParameter): Name = "MP"; Value = "5-103634-4"; VariantName = "[No Variations]"
Add component (AddParameter): Name = "Package"; Value = "None"; VariantName = "[No Variations]"
Add component (AddParameter): Name = "Price"; Value = "None"; VariantName = "[No Variations]"
Add component (AddParameter): Name = "Value"; Value = ""; VariantName = "[No Variations]"
Added Component: Designator=R8(0805)
Add component (AddParameter): Name = "Manufacturer Part Number 1"; Value = "MCT06030C4702FP500"; VariantName = "[No Variations]"
Add component (AddParameter): Name = "Package"; Value = "0805"; VariantName = "[No Variations]"
Add component (AddParameter): Name = "Part Number"; Value = "RES 47k 1/8W - 1%"; VariantName = "[No Variations]"
Add component (AddParameter): Name = "Power (Watts)"; Value = "0.125W"; VariantName = "[No Variations]"
Add component (AddParameter): Name = "Supplier 1"; Value = "Digi-Key"; VariantName = "[No Variations]"
Add component (AddParameter): Name = "Supplier Part Number 1"; Value = "MCT0603-47.0K-CFCT-ND"; VariantName = "[No Variations]"
Add component (AddParameter): Name = "Supplier URL 1"; Value = "https://www.digikey.ca/en/products/detail/vishay-beyschlag-draloric-bc-components/MCT06030C4702FP500/2607854?s=N4IgTCBcDaILIGEAqAGAbCgzAWgCwHYA6FAaWwQDFlsA5AERAF0BfIA"; VariantName = "[No Variations]"
Add component (AddParameter): Name = "Tolerance"; Value = "1%"; VariantName = "[No Variations]"
Add component (AddParameter): Name = "Value"; Value = "47k"; VariantName = "[No Variations]"
Added Component: Designator=TP1(TP380X203)
Add component (AddParameter): Name = "MF"; Value = "Keystone Electronics"; VariantName = "[No Variations]"
Add component (AddParameter): Name = "MP"; Value = "5019"; VariantName = "[No Variations]"
Add component (AddParameter): Name = "Package"; Value = "2010 Keystone"; VariantName = "[No Variations]"
Add component (AddParameter): Name = "Part Number"; Value = "Test Point - 5019"; VariantName = "[No Variations]"
Add component (AddParameter): Name = "Value"; Value = ""; VariantName = "[No Variations]"
Added Component: Designator=TP2(TP380X203)
Add component (AddParameter): Name = "MF"; Value = "Keystone Electronics"; VariantName = "[No Variations]"
Add component (AddParameter): Name = "MP"; Value = "5019"; VariantName = "[No Variations]"
Add component (AddParameter): Name = "Package"; Value = "2010 Keystone"; VariantName = "[No Variations]"
Add component (AddParameter): Name = "Part Number"; Value = "Test Point - 5019"; VariantName = "[No Variations]"
Add component (AddParameter): Name = "Value"; Value = ""; VariantName = "[No Variations]"
Added Component: Designator=U2(SOIC127P599X175-8N)
Add component (AddParameter): Name = "Availability"; Value = "Unavailable"; VariantName = "[No Variations]"
Add component (AddParameter): Name = "MF"; Value = "{'manufacturer': u'Texas Instruments'}"; VariantName = "[No Variations]"
Add component (AddParameter): Name = "MP"; Value = "NE555DR"; VariantName = "[No Variations]"
Add component (AddParameter): Name = "Package"; Value = "None"; VariantName = "[No Variations]"
Add component (AddParameter): Name = "Price"; Value = "None"; VariantName = "[No Variations]"
Add component (AddParameter): Name = "Value"; Value = ""; VariantName = "[No Variations]"
Added Component: Designator=U?(MODULE_A4988_STEPPER_MOTOR_DRIVER_CARRIER)
Add component (AddParameter): Name = "Availability"; Value = "Unavailable"; VariantName = "[No Variations]"
Add component (AddParameter): Name = "MF"; Value = ""; VariantName = "[No Variations]"
Add component (AddParameter): Name = "MP"; Value = "A4988_STEPPER_MOTOR_DRIVER_CARRIER"; VariantName = "[No Variations]"
Add component (AddParameter): Name = "Package"; Value = "None"; VariantName = "[No Variations]"
Add component (AddParameter): Name = "Price"; Value = "None"; VariantName = "[No Variations]"
Add component (AddParameter): Name = "Value"; Value = ""; VariantName = "[No Variations]"
Added Component: Designator=U?(MODULE_A4988_STEPPER_MOTOR_DRIVER_CARRIER)
Add component (AddParameter): Name = "Availability"; Value = "Unavailable"; VariantName = "[No Variations]"
Add component (AddParameter): Name = "MF"; Value = ""; VariantName = "[No Variations]"
Add component (AddParameter): Name = "MP"; Value = "A4988_STEPPER_MOTOR_DRIVER_CARRIER"; VariantName = "[No Variations]"
Add component (AddParameter): Name = "Package"; Value = "None"; VariantName = "[No Variations]"
Add component (AddParameter): Name = "Price"; Value = "None"; VariantName = "[No Variations]"
Add component (AddParameter): Name = "Value"; Value = ""; VariantName = "[No Variations]"
Added Pin To Net: NetName=GND Pin=C12-1
Added Pin To Net: NetName=+VBAT Pin=J2-1
Added Pin To Net: NetName=GND Pin=J2-5
Added Pin To Net: NetName=5V Pin=J3-02
Added Pin To Net: NetName=5V Pin=J3-04
Added Pin To Net: NetName=GND Pin=J3-06
Added Pin To Net: NetName=GND Pin=J3-09
Added Pin To Net: NetName=GND Pin=J3-14
Added Pin To Net: NetName=GND Pin=J3-20
Added Pin To Net: NetName=GND Pin=J3-25
Added Pin To Net: NetName=GND Pin=J3-34
Added Pin To Net: NetName=GND Pin=J3-39
Added Pin To Net: NetName=+VBAT Pin=J6-1
Added Pin To Net: NetName=GND Pin=J6-5
Added Pin To Net: NetName=+VBAT Pin=J7-1
Added Pin To Net: NetName=GND Pin=J7-5
Added Pin To Net: NetName=+VBAT Pin=J8-1
Added Pin To Net: NetName=GND Pin=J8-5
Added Pin To Net: NetName=+VBAT Pin=J9-1
Added Pin To Net: NetName=GND Pin=J9-5
Added Pin To Net: NetName=GND Pin=U2-1
Added Pin To Net: NetName=GND Pin=U?-9
Added Pin To Net: NetName=GND Pin=U?-9
Added Pin To Net: NetName=GND Pin=U?-15
Added Pin To Net: NetName=GND Pin=U?-15
Added Pin To Net: NetName=+VBAT Pin=U?-16
Added Pin To Net: NetName=+VBAT Pin=U?-16
Added Pin To Net: NetName=1A1 Pin=U?-12
Added Pin To Net: NetName=1A1 Pin=U?-12
Added Net: Name=1A1
Added Pin To Net: NetName=1B1 Pin=U?-11
Added Pin To Net: NetName=1B1 Pin=U?-11
Added Net: Name=1B1
Added Pin To Net: NetName=2A1 Pin=U?-13
Added Pin To Net: NetName=2A1 Pin=U?-13
Added Net: Name=2A1
Added Pin To Net: NetName=2B1 Pin=U?-14
Added Pin To Net: NetName=2B1 Pin=U?-14
Added Net: Name=2B1
Added Pin To Net: NetName=3.3V Pin=J3-01
Added Pin To Net: NetName=3.3V Pin=J3-17
Added Pin To Net: NetName=3.3V Pin=U2-4
Added Pin To Net: NetName=3.3V Pin=U2-8
Added Pin To Net: NetName=3.3V Pin=U?-5
Added Pin To Net: NetName=3.3V Pin=U?-5
Added Pin To Net: NetName=3.3V Pin=U?-6
Added Pin To Net: NetName=3.3V Pin=U?-6
Added Pin To Net: NetName=3.3V Pin=U?-10
Added Pin To Net: NetName=3.3V Pin=U?-10
Added Net: Name=3.3V
Added Pin To Net: NetName=DIR1 Pin=J1-2
Added Pin To Net: NetName=DIR1 Pin=J3-03
Added Pin To Net: NetName=DIR1 Pin=J6-2
Added Pin To Net: NetName=DIR1 Pin=J8-2
Added Net: Name=DIR1
Added Pin To Net: NetName=DIR2 Pin=J2-2
Added Pin To Net: NetName=DIR2 Pin=J3-05
Added Pin To Net: NetName=DIR2 Pin=J7-2
Added Pin To Net: NetName=DIR2 Pin=J9-2
Added Net: Name=DIR2
Added Pin To Net: NetName=FG1 Pin=J1-3
Added Pin To Net: NetName=FG1 Pin=J3-11
Added Net: Name=FG1
Added Pin To Net: NetName=FG2 Pin=J3-13
Added Pin To Net: NetName=FG2 Pin=J6-3
Added Net: Name=FG2
Added Pin To Net: NetName=FG3 Pin=J3-15
Added Pin To Net: NetName=FG3 Pin=J8-3
Added Net: Name=FG3
Added Pin To Net: NetName=FG4 Pin=J2-3
Added Pin To Net: NetName=FG4 Pin=J3-19
Added Net: Name=FG4
Added Pin To Net: NetName=FG5 Pin=J3-29
Added Pin To Net: NetName=FG5 Pin=J7-3
Added Net: Name=FG5
Added Pin To Net: NetName=FG6 Pin=J3-31
Added Pin To Net: NetName=FG6 Pin=J9-3
Added Net: Name=FG6
Added Pin To Net: NetName=MD_OUT Pin=R8-1
Added Pin To Net: NetName=MD_OUT Pin=TP1-1
Added Pin To Net: NetName=MD_OUT Pin=U2-3
Added Net: Name=MD_OUT
Added Pin To Net: NetName=NetC11_1 Pin=C11-1
Added Pin To Net: NetName=NetC11_1 Pin=C12-2
Added Pin To Net: NetName=NetC11_1 Pin=R8-2
Added Pin To Net: NetName=NetC11_1 Pin=U2-2
Added Pin To Net: NetName=NetC11_1 Pin=U2-6
Added Net: Name=NetC11_1
Added Pin To Net: NetName=PWM1 Pin=J1-4
Added Pin To Net: NetName=PWM1 Pin=J3-16
Added Net: Name=PWM1
Added Pin To Net: NetName=PWM2 Pin=J3-18
Added Pin To Net: NetName=PWM2 Pin=J6-4
Added Net: Name=PWM2
Added Pin To Net: NetName=PWM3 Pin=J3-22
Added Pin To Net: NetName=PWM3 Pin=J8-4
Added Net: Name=PWM3
Added Pin To Net: NetName=PWM4 Pin=J2-4
Added Pin To Net: NetName=PWM4 Pin=J3-32
Added Net: Name=PWM4
Added Pin To Net: NetName=PWM5 Pin=J3-36
Added Pin To Net: NetName=PWM5 Pin=J7-4
Added Net: Name=PWM5
Added Pin To Net: NetName=PWM6 Pin=J3-37
Added Pin To Net: NetName=PWM6 Pin=J9-4
Added Net: Name=PWM6
Added Pin To Net: NetName=S_DIR1 Pin=U?-8
Added Net: Name=S_DIR1
Added Pin To Net: NetName=S_DIR2 Pin=U?-8
Added Net: Name=S_DIR2
Added Pin To Net: NetName=SCOIL_2 Pin=C11-2
Added Pin To Net: NetName=SCOIL_2 Pin=TP2-1
Added Net: Name=SCOIL_2
Added Pin To Net: NetName=STEP1 Pin=U?-7
Added Net: Name=STEP1
Added Pin To Net: NetName=STEP2 Pin=U?-7
Added Net: Name=STEP2
Change Class Name : Old Net Name=power New Net Name=Power Input & Regulation
Added Class: Name=555 Metal Detector Circuit
Added Class: Name=Raspberry Pi, BLDC, Stepper, and Coil Connectors
Change Room Name: Old Name=power New Name=Raspberry Pi, BLDC, Stepper, and Coil Connectors
Change Room Scope: Old Scope=InComponentClass('power') New Scope=InComponentClass('Raspberry Pi, BLDC, Stepper, and Coil Connectors')
Added Room: Name=555 Metal Detector Circuit
Added Room: Name=Power Input & Regulation
