Removed Pin From Net: NetName=PWM1 Pin=J1-4
Removed Pin From Net: NetName=PWM4 Pin=J2-4
Removed Pin From Net: NetName=PWM2 Pin=J6-4
Removed Pin From Net: NetName=PWM5 Pin=J7-4
Removed Pin From Net: NetName=PWM3 Pin=J8-4
Removed Pin From Net: NetName=PWM6 Pin=J9-4
Removed Pin From Net: NetName=GND Pin=R19-7
Removed Pin From Net: NetName=GND Pin=R19-8
Removed Pin From Net: NetName=GND Pin=R19-9
Removed Pin From Net: NetName=GND Pin=R19-10
Added Component: Designator=R24(RES_YC248_4X1P6_YAG-M)
Add component (AddParameter): Name = "Mfr_Name"; Value = "Yageo"; VariantName = "[No Variations]"
Add component (AddParameter): Name = "RefDes"; Value = ""; VariantName = "[No Variations]"
Add component (AddParameter): Name = "Type"; Value = ""; VariantName = "[No Variations]"
Added Pin To Net: NetName=PWM6 Pin=R19-9
Added Pin To Net: NetName=PWM5 Pin=R19-10
Added Pin To Net: NetName=PWM4 Pin=R19-11
Added Pin To Net: NetName=PWM4 Pin=R19-12
Added Pin To Net: NetName=PWM3 Pin=R19-13
Added Pin To Net: NetName=PWM2 Pin=R19-14
Added Pin To Net: NetName=PWM1 Pin=R19-15
Added Pin To Net: NetName=PWM1 Pin=R19-16
Added Pin To Net: NetName=I_PWM1 Pin=J1-4
Added Pin To Net: NetName=I_PWM1 Pin=R19-1
Added Pin To Net: NetName=I_PWM1 Pin=R24-1
Added Net: Name=I_PWM1
Added Pin To Net: NetName=I_PWM2 Pin=J6-4
Added Pin To Net: NetName=I_PWM2 Pin=R19-3
Added Pin To Net: NetName=I_PWM2 Pin=R24-2
Added Net: Name=I_PWM2
Added Pin To Net: NetName=I_PWM3 Pin=J8-4
Added Pin To Net: NetName=I_PWM3 Pin=R19-4
Added Pin To Net: NetName=I_PWM3 Pin=R24-3
Added Net: Name=I_PWM3
Added Pin To Net: NetName=I_PWM4 Pin=J2-4
Added Pin To Net: NetName=I_PWM4 Pin=R19-5
Added Pin To Net: NetName=I_PWM4 Pin=R24-4
Added Net: Name=I_PWM4
Added Pin To Net: NetName=I_PWM5 Pin=J7-4
Added Pin To Net: NetName=I_PWM5 Pin=R19-7
Added Pin To Net: NetName=I_PWM5 Pin=R24-5
Added Net: Name=I_PWM5
Added Pin To Net: NetName=I_PWM6 Pin=J9-4
Added Pin To Net: NetName=I_PWM6 Pin=R19-8
Added Pin To Net: NetName=I_PWM6 Pin=R24-6
Added Net: Name=I_PWM6
Added Pin To Net: NetName=J_PWM_L Pin=R19-2
Added Pin To Net: NetName=J_PWM_L Pin=R24-14
Added Pin To Net: NetName=J_PWM_L Pin=R24-15
Added Pin To Net: NetName=J_PWM_L Pin=R24-16
Added Net: Name=J_PWM_L
Added Pin To Net: NetName=J_PWM_R Pin=R19-6
Added Pin To Net: NetName=J_PWM_R Pin=R24-11
Added Pin To Net: NetName=J_PWM_R Pin=R24-12
Added Pin To Net: NetName=J_PWM_R Pin=R24-13
Added Net: Name=J_PWM_R
Added Member To Class: ClassName=Raspberry Pi, BLDC, Stepper, and Coil Connectors Member=Component R24 YC248-JR-070RL
