Added Component: Designator=D6(LEDC2012X120N)
Add component (AddParameter): Name = "Check_prices"; Value = "https://www.snapeda.com/parts/SML-LXT0805IW-TR/Lumex+Opto%252FComponents+Inc./view-part/?ref=eda"; VariantName = "[No Variations]"
Add component (AddParameter): Name = "MF"; Value = "Lumex Opto/Components"; VariantName = "[No Variations]"
Add component (AddParameter): Name = "MP"; Value = "SML-LXT0805IW-TR"; VariantName = "[No Variations]"
Add component (AddParameter): Name = "Package"; Value = "0805 Lumex"; VariantName = "[No Variations]"
Add component (AddParameter): Name = "SnapEDA_Link"; Value = "https://www.snapeda.com/parts/SML-LXT0805IW-TR/Lumex+Opto%252FComponents+Inc./view-part/?ref=snap"; VariantName = "[No Variations]"
Add component (AddParameter): Name = "Value"; Value = ""; VariantName = "[No Variations]"
Added Component: Designator=D7(LEDC2012X120N)
Add component (AddParameter): Name = "Check_prices"; Value = "https://www.snapeda.com/parts/SML-LXT0805IW-TR/Lumex+Opto%252FComponents+Inc./view-part/?ref=eda"; VariantName = "[No Variations]"
Add component (AddParameter): Name = "MF"; Value = "Lumex Opto/Components"; VariantName = "[No Variations]"
Add component (AddParameter): Name = "MP"; Value = "SML-LXT0805IW-TR"; VariantName = "[No Variations]"
Add component (AddParameter): Name = "Package"; Value = "0805 Lumex"; VariantName = "[No Variations]"
Add component (AddParameter): Name = "SnapEDA_Link"; Value = "https://www.snapeda.com/parts/SML-LXT0805IW-TR/Lumex+Opto%252FComponents+Inc./view-part/?ref=snap"; VariantName = "[No Variations]"
Add component (AddParameter): Name = "Value"; Value = ""; VariantName = "[No Variations]"
Added Component: Designator=D8(LEDC2012X120N)
Add component (AddParameter): Name = "Check_prices"; Value = "https://www.snapeda.com/parts/SML-LXT0805IW-TR/Lumex+Opto%252FComponents+Inc./view-part/?ref=eda"; VariantName = "[No Variations]"
Add component (AddParameter): Name = "MF"; Value = "Lumex Opto/Components"; VariantName = "[No Variations]"
Add component (AddParameter): Name = "MP"; Value = "SML-LXT0805IW-TR"; VariantName = "[No Variations]"
Add component (AddParameter): Name = "Package"; Value = "0805 Lumex"; VariantName = "[No Variations]"
Add component (AddParameter): Name = "SnapEDA_Link"; Value = "https://www.snapeda.com/parts/SML-LXT0805IW-TR/Lumex+Opto%252FComponents+Inc./view-part/?ref=snap"; VariantName = "[No Variations]"
Add component (AddParameter): Name = "Value"; Value = ""; VariantName = "[No Variations]"
Added Component: Designator=D9(LEDC2012X120N)
Add component (AddParameter): Name = "Check_prices"; Value = "https://www.snapeda.com/parts/SML-LXT0805IW-TR/Lumex+Opto%252FComponents+Inc./view-part/?ref=eda"; VariantName = "[No Variations]"
Add component (AddParameter): Name = "MF"; Value = "Lumex Opto/Components"; VariantName = "[No Variations]"
Add component (AddParameter): Name = "MP"; Value = "SML-LXT0805IW-TR"; VariantName = "[No Variations]"
Add component (AddParameter): Name = "Package"; Value = "0805 Lumex"; VariantName = "[No Variations]"
Add component (AddParameter): Name = "SnapEDA_Link"; Value = "https://www.snapeda.com/parts/SML-LXT0805IW-TR/Lumex+Opto%252FComponents+Inc./view-part/?ref=snap"; VariantName = "[No Variations]"
Add component (AddParameter): Name = "Value"; Value = ""; VariantName = "[No Variations]"
Added Pin To Net: NetName=NetD6_A Pin=D6-A
Added Pin To Net: NetName=NetD6_C Pin=D6-C
Added Pin To Net: NetName=NetD7_A Pin=D7-A
Added Pin To Net: NetName=NetD7_C Pin=D7-C
Added Pin To Net: NetName=NetD8_A Pin=D8-A
Added Pin To Net: NetName=NetD8_C Pin=D8-C
Added Pin To Net: NetName=NetD9_A Pin=D9-A
Added Pin To Net: NetName=NetD9_C Pin=D9-C
Added Member To Class: ClassName=Raspberry Pi, BLDC, Stepper, and Coil Connectors Member=Component D6 SML-LXT0805IW-TR
Added Member To Class: ClassName=Raspberry Pi, BLDC, Stepper, and Coil Connectors Member=Component D7 SML-LXT0805IW-TR
Added Member To Class: ClassName=Raspberry Pi, BLDC, Stepper, and Coil Connectors Member=Component D8 SML-LXT0805IW-TR
Added Member To Class: ClassName=Raspberry Pi, BLDC, Stepper, and Coil Connectors Member=Component D9 SML-LXT0805IW-TR
