Removed Pin From Net: NetName=+VBAT Pin=F1-3
Removed Pin From Net: NetName=+VBAT Pin=F1-4
Removed Pin From Net: NetName=MD_OUT Pin=J10-1
Removed Pin From Net: NetName=MD_OUT Pin=R8-1
Removed Pin From Net: NetName=3.3V Pin=U2-4
Removed Pin From Net: NetName=3.3V Pin=U2-8
Removed Pin From Net: NetName=FG6 Pin=U4-7
Removed Pin From Net: NetName=MD_OUT Pin=U4-14
Removed Pin From Net: NetName=FG1 Pin=U4-15
Removed Pin From Net: NetName=FG3 Pin=U4-24
Removed Pin From Net: NetName=FG2 Pin=U4-29
Removed Pin From Net: NetName=FG4 Pin=U4-35
Removed Pin From Net: NetName=FG5 Pin=U4-36
Change Component Footprint: Designator=F1 Old Footprint=FUSE-3549-2 New Footprint=1206
Change Component Comment : Designator=F1 Old Comment=3557-2 New Comment=Fuse 10A 1206
Change component parameters: Designator = "F1" ("F1"); Footprint = "FUSE-3549-2"; UniqueID = "\TRYBFFTN\ETZKPVMU" ("\TRYBFFTN\ETZKPVMU")
Change component parameters (AddParameter): Name = "Operating Temperature"; Value = "-55°C ~ 90°C"; VariantName = "[No Variations]"
Change component parameters (AddParameter): Name = "Part Number"; Value = "FUSE 10A 63V SLOW"; VariantName = "[No Variations]"
Change component parameters (AddParameter): Name = "Pin Count"; Value = "2"; VariantName = "[No Variations]"
Change component parameters (AddParameter): Name = "Rating"; Value = "10A"; VariantName = "[No Variations]"
Change component parameters (AddParameter): Name = "Response Time"; Value = "Slow Blow"; VariantName = "[No Variations]"
Change component parameters (AddParameter): Name = "Voltage Rating - DC"; Value = "63V"; VariantName = "[No Variations]"
Added Component: Designator=24(BreakoutPin 0603)
Add component (AddParameter): Name = "Part Number"; Value = "Breakout Pin 0603"; VariantName = "[No Variations]"
Added Component: Designator=C24(0805)
Add component (AddParameter): Name = "Part Number"; Value = "CAP 0.1uF 50V"; VariantName = "[No Variations]"
Add component (AddParameter): Name = "Rating"; Value = "50V"; VariantName = "[No Variations]"
Add component (AddParameter): Name = "Temperature Coefficient"; Value = "X7R"; VariantName = "[No Variations]"
Add component (AddParameter): Name = "Tolerance"; Value = "10%"; VariantName = "[No Variations]"
Add component (AddParameter): Name = "Value"; Value = "0.10uF"; VariantName = "[No Variations]"
Added Component: Designator=C25(0805)
Add component (AddParameter): Name = "Part Number"; Value = "CAP 0.1uF 50V"; VariantName = "[No Variations]"
Add component (AddParameter): Name = "Rating"; Value = "50V"; VariantName = "[No Variations]"
Add component (AddParameter): Name = "Temperature Coefficient"; Value = "X7R"; VariantName = "[No Variations]"
Add component (AddParameter): Name = "Tolerance"; Value = "10%"; VariantName = "[No Variations]"
Add component (AddParameter): Name = "Value"; Value = "0.10uF"; VariantName = "[No Variations]"
Added Component: Designator=R25(0805)
Add component (AddParameter): Name = "Package"; Value = "0805"; VariantName = "[No Variations]"
Add component (AddParameter): Name = "Part Number"; Value = "RES 0 JUMPER 0603"; VariantName = "[No Variations]"
Add component (AddParameter): Name = "Power (Watts)"; Value = "0.125W"; VariantName = "[No Variations]"
Add component (AddParameter): Name = "Tolerance"; Value = "N/A"; VariantName = "[No Variations]"
Add component (AddParameter): Name = "Value"; Value = "0"; VariantName = "[No Variations]"
Added Component: Designator=U(SOP65P640X120-24N)
Add component (AddParameter): Name = "Availability"; Value = "Good"; VariantName = "[No Variations]"
Add component (AddParameter): Name = "BuyPart"; Value = "https://www.snapeda.com/parts/SN74LVC4245APWR/Texas%20Instruments/view-part/235354/?ref=eda"; VariantName = "[No Variations]"
Add component (AddParameter): Name = "DigiKey-Purchase-URL"; Value = "https://snapeda.com/shop?store=DigiKey&id=235354"; VariantName = "[No Variations]"
Add component (AddParameter): Name = "MF"; Value = "Texas Instruments"; VariantName = "[No Variations]"
Add component (AddParameter): Name = "Mouser-Purchase-URL"; Value = "https://snapeda.com/shop?store=Mouser&id=235354"; VariantName = "[No Variations]"
Add component (AddParameter): Name = "MP"; Value = "SN74LVC4245APWR"; VariantName = "[No Variations]"
Add component (AddParameter): Name = "Package"; Value = "TSSOP-24 Texas Instruments"; VariantName = "[No Variations]"
Add component (AddParameter): Name = "Price"; Value = "None"; VariantName = "[No Variations]"
Add component (AddParameter): Name = "SnapEDA_Link"; Value = "https://www.snapeda.com/parts/SN74LVC4245APWR/Texas%20Instruments/view-part/235354/?ref=snap"; VariantName = "[No Variations]"
Add component (AddParameter): Name = "Texas_Instruments-Purchase-URL"; Value = "https://snapeda.com/shop?store=Texas+Instruments&id=235354"; VariantName = "[No Variations]"
Add component (AddParameter): Name = "Value"; Value = ""; VariantName = "[No Variations]"
Added Pin To Net: NetName=GND Pin=C24-1
Added Pin To Net: NetName=5V_PI Pin=C24-2
Added Pin To Net: NetName=GND Pin=C25-1
Added Pin To Net: NetName=3.3V Pin=C25-2
Added Pin To Net: NetName=+VBAT Pin=F1-1
Added Pin To Net: NetName=MD_OUT Pin=R25-1
Added Pin To Net: NetName=5V_PI Pin=U2-4
Added Pin To Net: NetName=5V_PI Pin=U2-8
Added Pin To Net: NetName=5V_PI Pin=U-1
Added Pin To Net: NetName=5V_PI Pin=U-2
Added Pin To Net: NetName=FG1 Pin=U-3
Added Pin To Net: NetName=FG2 Pin=U-4
Added Pin To Net: NetName=FG3 Pin=U-5
Added Pin To Net: NetName=FG4 Pin=U-6
Added Pin To Net: NetName=FG5 Pin=U-7
Added Pin To Net: NetName=FG6 Pin=U-8
Added Pin To Net: NetName=GND Pin=U-11
Added Pin To Net: NetName=GND Pin=U-12
Added Pin To Net: NetName=GND Pin=U-13
Added Pin To Net: NetName=GND Pin=U-22
Added Pin To Net: NetName=3.3V Pin=U-23
Added Pin To Net: NetName=3.3V Pin=U-24
Added Pin To Net: NetName=Net24_1 Pin=24-1
Added Pin To Net: NetName=Net24_1 Pin=U4-14
Added Net: Name=Net24_1
Added Pin To Net: NetName=NetF1_2 Pin=F1-2
Added Pin To Net: NetName=NetF1_2 Pin=Q1-2
Added Net: Name=NetF1_2
Added Pin To Net: NetName=SCOIL_1 Pin=J10-1
Added Pin To Net: NetName=SCOIL_1 Pin=R8-1
Added Pin To Net: NetName=SCOIL_1 Pin=R25-2
Added Net: Name=SCOIL_1
Added Pin To Net: NetName=T_FG1 Pin=U-21
Added Pin To Net: NetName=T_FG1 Pin=U4-15
Added Net: Name=T_FG1
Added Pin To Net: NetName=T_FG2 Pin=U-20
Added Pin To Net: NetName=T_FG2 Pin=U4-29
Added Net: Name=T_FG2
Added Pin To Net: NetName=T_FG3 Pin=U-19
Added Pin To Net: NetName=T_FG3 Pin=U4-24
Added Net: Name=T_FG3
Added Pin To Net: NetName=T_FG4 Pin=U-18
Added Pin To Net: NetName=T_FG4 Pin=U4-35
Added Net: Name=T_FG4
Added Pin To Net: NetName=T_FG5 Pin=U-17
Added Pin To Net: NetName=T_FG5 Pin=U4-36
Added Net: Name=T_FG5
Added Pin To Net: NetName=T_FG6 Pin=U-16
Added Pin To Net: NetName=T_FG6 Pin=U4-7
Added Net: Name=T_FG6
Added Member To Class: ClassName=ESP32 Microcontroller Member=Component 24 Breakout Pin 0603
Added Member To Class: ClassName=Raspberry Pi, BLDC, Stepper, and Coil Connectors Member=Component C24 0.10uF
Added Member To Class: ClassName=Raspberry Pi, BLDC, Stepper, and Coil Connectors Member=Component C25 0.10uF
Added Member To Class: ClassName=555 Metal Detector Circuit Member=Component R25 0
Added Member To Class: ClassName=Raspberry Pi, BLDC, Stepper, and Coil Connectors Member=Component U SN74LVC4245APWR
