Removed Pin From Net: NetName=+VBAT Pin=J1-1
Removed Pin From Net: NetName=+VBAT Pin=J2-1
Removed Pin From Net: NetName=+VBAT Pin=J6-1
Removed Pin From Net: NetName=+VBAT Pin=J7-1
Removed Pin From Net: NetName=+VBAT Pin=J8-1
Removed Pin From Net: NetName=+VBAT Pin=J9-1
Removed Pin From Net: NetName=+VBAT Pin=U3-16
Change Component Description : Designator=D3 Old Description=Green LED, 565 nm 0805Diffused, Rectangle Lens SMD package New Description=Green LED, 565 nm 0805Diffused, Rectangle Lens SMD package | Lumex SML-LXT0805GW-TR
Change Component Description : Designator=D2 Old Description=LED;Red;11mcd;0.061In.Dia.;SMD;100mA;2V Vf;635nm;140deg;SMD;White Diffused;5V Vr New Description=LED;Red;11mcd;0.061In.Dia.;SMD;100mA;2V Vf;635nm;140deg;SMD;White Diffused;5V Vr | Lumex SML-LXT0805IW-TR
Change Component Description : Designator=D6 Old Description=LED;Red;11mcd;0.061In.Dia.;SMD;100mA;2V Vf;635nm;140deg;SMD;White Diffused;5V Vr New Description=LED;Red;11mcd;0.061In.Dia.;SMD;100mA;2V Vf;635nm;140deg;SMD;White Diffused;5V Vr | Lumex SML-LXT0805IW-TR
Change Component Description : Designator=D7 Old Description=LED;Red;11mcd;0.061In.Dia.;SMD;100mA;2V Vf;635nm;140deg;SMD;White Diffused;5V Vr New Description=LED;Red;11mcd;0.061In.Dia.;SMD;100mA;2V Vf;635nm;140deg;SMD;White Diffused;5V Vr | Lumex SML-LXT0805IW-TR
Change Component Description : Designator=D8 Old Description=LED;Red;11mcd;0.061In.Dia.;SMD;100mA;2V Vf;635nm;140deg;SMD;White Diffused;5V Vr New Description=LED;Red;11mcd;0.061In.Dia.;SMD;100mA;2V Vf;635nm;140deg;SMD;White Diffused;5V Vr | Lumex SML-LXT0805IW-TR
Change Component Description : Designator=D9 Old Description=LED;Red;11mcd;0.061In.Dia.;SMD;100mA;2V Vf;635nm;140deg;SMD;White Diffused;5V Vr New Description=LED;Red;11mcd;0.061In.Dia.;SMD;100mA;2V Vf;635nm;140deg;SMD;White Diffused;5V Vr | Lumex SML-LXT0805IW-TR
Added Pin To Net: NetName=VBAT Pin=J1-1
Added Pin To Net: NetName=VBAT Pin=J2-1
Added Pin To Net: NetName=VBAT Pin=J6-1
Added Pin To Net: NetName=VBAT Pin=J7-1
Added Pin To Net: NetName=VBAT Pin=J8-1
Added Pin To Net: NetName=VBAT Pin=J9-1
Added Pin To Net: NetName=VBAT Pin=U3-16
Added Room: Name=555 Metal Detector Circuit
Added Room: Name=ESP32 Microcontroller
Added Room: Name=Power Input & Regulation
Added Room: Name=Raspberry Pi, BLDC, Stepper, and Coil Connectors
