Removed Pin From Net: NetName=5V Pin=J3-02
Removed Pin From Net: NetName=5V Pin=J3-04
Removed Pin From Net: NetName=5V Pin=R9-2
Added Component: Designator=1(BreakoutPin 0603)
Add component (AddParameter): Name = "Part Number"; Value = "Breakout Pin 0603"; VariantName = "[No Variations]"
Added Component: Designator=2(BreakoutPin 0603)
Add component (AddParameter): Name = "Part Number"; Value = "Breakout Pin 0603"; VariantName = "[No Variations]"
Added Component: Designator=3(BreakoutPin 0603)
Add component (AddParameter): Name = "Part Number"; Value = "Breakout Pin 0603"; VariantName = "[No Variations]"
Added Component: Designator=4(BreakoutPin 0603)
Add component (AddParameter): Name = "Part Number"; Value = "Breakout Pin 0603"; VariantName = "[No Variations]"
Added Component: Designator=5(BreakoutPin 0603)
Add component (AddParameter): Name = "Part Number"; Value = "Breakout Pin 0603"; VariantName = "[No Variations]"
Added Component: Designator=6(BreakoutPin 0603)
Add component (AddParameter): Name = "Part Number"; Value = "Breakout Pin 0603"; VariantName = "[No Variations]"
Added Component: Designator=7(BreakoutPin 0603)
Add component (AddParameter): Name = "Part Number"; Value = "Breakout Pin 0603"; VariantName = "[No Variations]"
Added Component: Designator=8(BreakoutPin 0603)
Add component (AddParameter): Name = "Part Number"; Value = "Breakout Pin 0603"; VariantName = "[No Variations]"
Added Component: Designator=9(BreakoutPin 0603)
Add component (AddParameter): Name = "Part Number"; Value = "Breakout Pin 0603"; VariantName = "[No Variations]"
Added Component: Designator=10(BreakoutPin 0603)
Add component (AddParameter): Name = "Part Number"; Value = "Breakout Pin 0603"; VariantName = "[No Variations]"
Added Component: Designator=11(BreakoutPin 0603)
Add component (AddParameter): Name = "Part Number"; Value = "Breakout Pin 0603"; VariantName = "[No Variations]"
Added Component: Designator=12(BreakoutPin 0603)
Add component (AddParameter): Name = "Part Number"; Value = "Breakout Pin 0603"; VariantName = "[No Variations]"
Added Component: Designator=13(BreakoutPin 0603)
Add component (AddParameter): Name = "Part Number"; Value = "Breakout Pin 0603"; VariantName = "[No Variations]"
Added Component: Designator=14(BreakoutPin 0603)
Add component (AddParameter): Name = "Part Number"; Value = "Breakout Pin 0603"; VariantName = "[No Variations]"
Added Component: Designator=15(BreakoutPin 0603)
Add component (AddParameter): Name = "Part Number"; Value = "Breakout Pin 0603"; VariantName = "[No Variations]"
Added Component: Designator=16(BreakoutPin 0603)
Add component (AddParameter): Name = "Part Number"; Value = "Breakout Pin 0603"; VariantName = "[No Variations]"
Added Component: Designator=17(BreakoutPin 0603)
Add component (AddParameter): Name = "Part Number"; Value = "Breakout Pin 0603"; VariantName = "[No Variations]"
Add Component: Footprint Not Found SW_TL3305AF260QG
Added Component: Designator=C13(0603)
Add component (AddParameter): Name = "Operating Temperature"; Value = "-55°C ~ 85°C"; VariantName = "[No Variations]"
Add component (AddParameter): Name = "Package"; Value = "0603/0805"; VariantName = "[No Variations]"
Add component (AddParameter): Name = "Part Number"; Value = "CAP 0.10uF 16V"; VariantName = "[No Variations]"
Add component (AddParameter): Name = "Rating"; Value = "16V"; VariantName = "[No Variations]"
Add component (AddParameter): Name = "Temperature Coefficient"; Value = "X5R"; VariantName = "[No Variations]"
Add component (AddParameter): Name = "Tolerance"; Value = "10%"; VariantName = "[No Variations]"
Add component (AddParameter): Name = "Value"; Value = "0.10uF"; VariantName = "[No Variations]"
Add Component: Footprint Not Found 0603
Add Component: Footprint Not Found 0603
Added Component: Designator=C16(0603)
Add component (AddParameter): Name = "Operating Temperature"; Value = "-55°C ~ 125°C"; VariantName = "[No Variations]"
Add component (AddParameter): Name = "Package"; Value = "0603/0805"; VariantName = "[No Variations]"
Add component (AddParameter): Name = "Part Number"; Value = "CAP 4.7uF 35V"; VariantName = "[No Variations]"
Add component (AddParameter): Name = "Rating"; Value = "35V"; VariantName = "[No Variations]"
Add component (AddParameter): Name = "Temperature Coefficient"; Value = "X7R"; VariantName = "[No Variations]"
Add component (AddParameter): Name = "Tolerance"; Value = "10%"; VariantName = "[No Variations]"
Add component (AddParameter): Name = "Value"; Value = "4.7uF"; VariantName = "[No Variations]"
Added Component: Designator=C17(0603)
Add component (AddParameter): Name = "Operating Temperature"; Value = "-55°C ~ 85°C"; VariantName = "[No Variations]"
Add component (AddParameter): Name = "Package"; Value = "0603/0805"; VariantName = "[No Variations]"
Add component (AddParameter): Name = "Part Number"; Value = "CAP 1.0uF 16V"; VariantName = "[No Variations]"
Add component (AddParameter): Name = "Rating"; Value = "16V"; VariantName = "[No Variations]"
Add component (AddParameter): Name = "Temperature Coefficient"; Value = "X5R"; VariantName = "[No Variations]"
Add component (AddParameter): Name = "Tolerance"; Value = "10%"; VariantName = "[No Variations]"
Add component (AddParameter): Name = "Value"; Value = "1.0uF"; VariantName = "[No Variations]"
Added Component: Designator=C18(0603)
Add component (AddParameter): Name = "Operating Temperature"; Value = "-55°C ~ 85°C"; VariantName = "[No Variations]"
Add component (AddParameter): Name = "Package"; Value = "0603/0805"; VariantName = "[No Variations]"
Add component (AddParameter): Name = "Part Number"; Value = "CAP 1.0uF 16V"; VariantName = "[No Variations]"
Add component (AddParameter): Name = "Rating"; Value = "16V"; VariantName = "[No Variations]"
Add component (AddParameter): Name = "Temperature Coefficient"; Value = "X5R"; VariantName = "[No Variations]"
Add component (AddParameter): Name = "Tolerance"; Value = "10%"; VariantName = "[No Variations]"
Add component (AddParameter): Name = "Value"; Value = "1.0uF"; VariantName = "[No Variations]"
Added Component: Designator=C19(0603)
Add component (AddParameter): Name = "Operating Temperature"; Value = "-55°C ~ 85°C"; VariantName = "[No Variations]"
Add component (AddParameter): Name = "Package"; Value = "0603/0805"; VariantName = "[No Variations]"
Add component (AddParameter): Name = "Part Number"; Value = "CAP 1.0uF 16V"; VariantName = "[No Variations]"
Add component (AddParameter): Name = "Rating"; Value = "16V"; VariantName = "[No Variations]"
Add component (AddParameter): Name = "Temperature Coefficient"; Value = "X5R"; VariantName = "[No Variations]"
Add component (AddParameter): Name = "Tolerance"; Value = "10%"; VariantName = "[No Variations]"
Add component (AddParameter): Name = "Value"; Value = "1.0uF"; VariantName = "[No Variations]"
Added Component: Designator=C20(0603)
Add component (AddParameter): Name = "Operating Temperature"; Value = "-55°C ~ 85°C"; VariantName = "[No Variations]"
Add component (AddParameter): Name = "Package"; Value = "0603/0805"; VariantName = "[No Variations]"
Add component (AddParameter): Name = "Part Number"; Value = "CAP 1.0uF 16V"; VariantName = "[No Variations]"
Add component (AddParameter): Name = "Rating"; Value = "16V"; VariantName = "[No Variations]"
Add component (AddParameter): Name = "Temperature Coefficient"; Value = "X5R"; VariantName = "[No Variations]"
Add component (AddParameter): Name = "Tolerance"; Value = "10%"; VariantName = "[No Variations]"
Add component (AddParameter): Name = "Value"; Value = "1.0uF"; VariantName = "[No Variations]"
Added Component: Designator=C21(0603)
Add component (AddParameter): Name = "Operating Temperature"; Value = "-55°C ~ 85°C"; VariantName = "[No Variations]"
Add component (AddParameter): Name = "Package"; Value = "0603/0805"; VariantName = "[No Variations]"
Add component (AddParameter): Name = "Part Number"; Value = "CAP 1.0uF 16V"; VariantName = "[No Variations]"
Add component (AddParameter): Name = "Rating"; Value = "16V"; VariantName = "[No Variations]"
Add component (AddParameter): Name = "Temperature Coefficient"; Value = "X5R"; VariantName = "[No Variations]"
Add component (AddParameter): Name = "Tolerance"; Value = "10%"; VariantName = "[No Variations]"
Add component (AddParameter): Name = "Value"; Value = "1.0uF"; VariantName = "[No Variations]"
Added Component: Designator=C22(0603)
Add component (AddParameter): Name = "Operating Temperature"; Value = "-55°C ~ 85°C"; VariantName = "[No Variations]"
Add component (AddParameter): Name = "Package"; Value = "0603/0805"; VariantName = "[No Variations]"
Add component (AddParameter): Name = "Part Number"; Value = "CAP 1.0uF 16V"; VariantName = "[No Variations]"
Add component (AddParameter): Name = "Rating"; Value = "16V"; VariantName = "[No Variations]"
Add component (AddParameter): Name = "Temperature Coefficient"; Value = "X5R"; VariantName = "[No Variations]"
Add component (AddParameter): Name = "Tolerance"; Value = "10%"; VariantName = "[No Variations]"
Add component (AddParameter): Name = "Value"; Value = "1.0uF"; VariantName = "[No Variations]"
Added Component: Designator=C23(0603)
Add component (AddParameter): Name = "Operating Temperature"; Value = "-55°C ~ 85°C"; VariantName = "[No Variations]"
Add component (AddParameter): Name = "Package"; Value = "0603/0805"; VariantName = "[No Variations]"
Add component (AddParameter): Name = "Part Number"; Value = "CAP 1.0uF 16V"; VariantName = "[No Variations]"
Add component (AddParameter): Name = "Rating"; Value = "16V"; VariantName = "[No Variations]"
Add component (AddParameter): Name = "Temperature Coefficient"; Value = "X5R"; VariantName = "[No Variations]"
Add component (AddParameter): Name = "Tolerance"; Value = "10%"; VariantName = "[No Variations]"
Add component (AddParameter): Name = "Value"; Value = "1.0uF"; VariantName = "[No Variations]"
Added Component: Designator=D4(SOD-123)
Add component (AddParameter): Name = "ComponentLink1Description"; Value = "digikey"; VariantName = "[No Variations]"
Add component (AddParameter): Name = "ComponentLink1URL"; Value = "https://www.digikey.ca/product-detail/en/on-semiconductor/MBR0540T1G/MBR0540T1GOSCT-ND/917967"; VariantName = "[No Variations]"
Add component (AddParameter): Name = "Current Rating"; Value = "1A"; VariantName = "[No Variations]"
Add component (AddParameter): Name = "Digikey"; Value = "SM5817PL-TPMSCT-ND"; VariantName = "[No Variations]"
Add component (AddParameter): Name = "Digikey Link"; Value = "https://www.digikey.ca/product-detail/en/micro-commercial-co/SM5817PL-TP/SM5817PL-TPMSCT-ND/1793410"; VariantName = "[No Variations]"
Add component (AddParameter): Name = "MF"; Value = "Micro Commercial Co"; VariantName = "[No Variations]"
Add component (AddParameter): Name = "MP"; Value = "SM5817PL-TP"; VariantName = "[No Variations]"
Add component (AddParameter): Name = "Package"; Value = "SOD-123"; VariantName = "[No Variations]"
Add component (AddParameter): Name = "Part Number"; Value = "DIODE SCHOTTKY 20V 1A"; VariantName = "[No Variations]"
Add component (AddParameter): Name = "Pin Count"; Value = "2"; VariantName = "[No Variations]"
Add component (AddParameter): Name = "Supplier URL 1"; Value = "https://www.digikey.ca/product-detail/en/on-semiconductor/MBR0540T1G/MBR0540T1GOSCT-ND/917967"; VariantName = "[No Variations]"
Add component (AddParameter): Name = "Voltage Rating"; Value = "20V"; VariantName = "[No Variations]"
Added Component: Designator=D5(SOD-123)
Add component (AddParameter): Name = "ComponentLink1Description"; Value = "digikey"; VariantName = "[No Variations]"
Add component (AddParameter): Name = "ComponentLink1URL"; Value = "https://www.digikey.ca/product-detail/en/on-semiconductor/MBR0540T1G/MBR0540T1GOSCT-ND/917967"; VariantName = "[No Variations]"
Add component (AddParameter): Name = "Current Rating"; Value = "1A"; VariantName = "[No Variations]"
Add component (AddParameter): Name = "Digikey"; Value = "SM5817PL-TPMSCT-ND"; VariantName = "[No Variations]"
Add component (AddParameter): Name = "Digikey Link"; Value = "https://www.digikey.ca/product-detail/en/micro-commercial-co/SM5817PL-TP/SM5817PL-TPMSCT-ND/1793410"; VariantName = "[No Variations]"
Add component (AddParameter): Name = "MF"; Value = "Micro Commercial Co"; VariantName = "[No Variations]"
Add component (AddParameter): Name = "MP"; Value = "SM5817PL-TP"; VariantName = "[No Variations]"
Add component (AddParameter): Name = "Package"; Value = "SOD-123"; VariantName = "[No Variations]"
Add component (AddParameter): Name = "Part Number"; Value = "DIODE SCHOTTKY 20V 1A"; VariantName = "[No Variations]"
Add component (AddParameter): Name = "Pin Count"; Value = "2"; VariantName = "[No Variations]"
Add component (AddParameter): Name = "Supplier URL 1"; Value = "https://www.digikey.ca/product-detail/en/on-semiconductor/MBR0540T1G/MBR0540T1GOSCT-ND/917967"; VariantName = "[No Variations]"
Add component (AddParameter): Name = "Voltage Rating"; Value = "20V"; VariantName = "[No Variations]"
Added Component: Designator=FL_RX1(TP)
Add component (AddParameter): Name = "Part Number"; Value = "Test Point (Via)"; VariantName = "[No Variations]"
Added Component: Designator=FL_TX1(TP)
Add component (AddParameter): Name = "Part Number"; Value = "Test Point (Via)"; VariantName = "[No Variations]"
Added Component: Designator=J13(CON4_1X4_P100RM_HDR_TYC)
Add component (AddParameter): Name = "Copyright"; Value = "Copyright (C) 2024 Ultra Librarian. All rights reserved."; VariantName = "[No Variations]"
Add component (AddParameter): Name = "Digi-Key_Part_Number_1"; Value = "826949-4-ND"; VariantName = "[No Variations]"
Add component (AddParameter): Name = "Manufacturer_Part_Number"; Value = "826949-4"; VariantName = "[No Variations]"
Add component (AddParameter): Name = "Mfr_Name"; Value = "TE Connectivity"; VariantName = "[No Variations]"
Add component (AddParameter): Name = "RefDes"; Value = "RefDes"; VariantName = "[No Variations]"
Add component (AddParameter): Name = "Type"; Value = "DEV"; VariantName = "[No Variations]"
Added Component: Designator=R13(0603)
Add component (AddParameter): Name = "Manufacturer Part Number 1"; Value = "MCT06030C1001FP500"; VariantName = "[No Variations]"
Add component (AddParameter): Name = "Package"; Value = "0805"; VariantName = "[No Variations]"
Add component (AddParameter): Name = "Part Number"; Value = "RES 1k 1/8W"; VariantName = "[No Variations]"
Add component (AddParameter): Name = "Power (Watts)"; Value = "0.125W"; VariantName = "[No Variations]"
Add component (AddParameter): Name = "Supplier 1"; Value = "Digi-Key"; VariantName = "[No Variations]"
Add component (AddParameter): Name = "Supplier Part Number 1"; Value = "MCT0603-1.00K-CFCT-ND"; VariantName = "[No Variations]"
Add component (AddParameter): Name = "Supplier URL 1"; Value = "https://www.digikey.ca/en/products/detail/vishay-beyschlag-draloric-bc-components/MCT06030C1001FP500/2607821?s=N4IgTCBcDaILIGEAqAGAbCgzAWgIwDoUUBpbBAMWWwDkAREAXQF8g"; VariantName = "[No Variations]"
Add component (AddParameter): Name = "Tolerance"; Value = "1%"; VariantName = "[No Variations]"
Add component (AddParameter): Name = "Value"; Value = "1k"; VariantName = "[No Variations]"
Added Component: Designator=R14(0603)
Add component (AddParameter): Name = "Package"; Value = "0805"; VariantName = "[No Variations]"
Add component (AddParameter): Name = "Part Number"; Value = "RES 10k 1/8W - 5%"; VariantName = "[No Variations]"
Add component (AddParameter): Name = "Power (Watts)"; Value = "0.125W"; VariantName = "[No Variations]"
Add component (AddParameter): Name = "Tolerance"; Value = "5%"; VariantName = "[No Variations]"
Add component (AddParameter): Name = "Value"; Value = "10k"; VariantName = "[No Variations]"
Added Component: Designator=R15(0603)
Add component (AddParameter): Name = "Manufacturer Part Number 1"; Value = "MCT06030C1001FP500"; VariantName = "[No Variations]"
Add component (AddParameter): Name = "Package"; Value = "0805"; VariantName = "[No Variations]"
Add component (AddParameter): Name = "Part Number"; Value = "RES 1k 1/8W"; VariantName = "[No Variations]"
Add component (AddParameter): Name = "Power (Watts)"; Value = "0.125W"; VariantName = "[No Variations]"
Add component (AddParameter): Name = "Supplier 1"; Value = "Digi-Key"; VariantName = "[No Variations]"
Add component (AddParameter): Name = "Supplier Part Number 1"; Value = "MCT0603-1.00K-CFCT-ND"; VariantName = "[No Variations]"
Add component (AddParameter): Name = "Supplier URL 1"; Value = "https://www.digikey.ca/en/products/detail/vishay-beyschlag-draloric-bc-components/MCT06030C1001FP500/2607821?s=N4IgTCBcDaILIGEAqAGAbCgzAWgIwDoUUBpbBAMWWwDkAREAXQF8g"; VariantName = "[No Variations]"
Add component (AddParameter): Name = "Tolerance"; Value = "1%"; VariantName = "[No Variations]"
Add component (AddParameter): Name = "Value"; Value = "1k"; VariantName = "[No Variations]"
Added Component: Designator=R16(0603)
Add component (AddParameter): Name = "Manufacturer Part Number 1"; Value = "MCT06030C1001FP500"; VariantName = "[No Variations]"
Add component (AddParameter): Name = "Package"; Value = "0805"; VariantName = "[No Variations]"
Add component (AddParameter): Name = "Part Number"; Value = "RES 1k 1/8W"; VariantName = "[No Variations]"
Add component (AddParameter): Name = "Power (Watts)"; Value = "0.125W"; VariantName = "[No Variations]"
Add component (AddParameter): Name = "Supplier 1"; Value = "Digi-Key"; VariantName = "[No Variations]"
Add component (AddParameter): Name = "Supplier Part Number 1"; Value = "MCT0603-1.00K-CFCT-ND"; VariantName = "[No Variations]"
Add component (AddParameter): Name = "Supplier URL 1"; Value = "https://www.digikey.ca/en/products/detail/vishay-beyschlag-draloric-bc-components/MCT06030C1001FP500/2607821?s=N4IgTCBcDaILIGEAqAGAbCgzAWgIwDoUUBpbBAMWWwDkAREAXQF8g"; VariantName = "[No Variations]"
Add component (AddParameter): Name = "Tolerance"; Value = "1%"; VariantName = "[No Variations]"
Add component (AddParameter): Name = "Value"; Value = "1k"; VariantName = "[No Variations]"
Added Component: Designator=R17(0603)
Add component (AddParameter): Name = "Package"; Value = "0805"; VariantName = "[No Variations]"
Add component (AddParameter): Name = "Part Number"; Value = "RES 10k 1/8W - 5%"; VariantName = "[No Variations]"
Add component (AddParameter): Name = "Power (Watts)"; Value = "0.125W"; VariantName = "[No Variations]"
Add component (AddParameter): Name = "Tolerance"; Value = "5%"; VariantName = "[No Variations]"
Add component (AddParameter): Name = "Value"; Value = "10k"; VariantName = "[No Variations]"
Added Component: Designator=R18(0603)
Add component (AddParameter): Name = "Manufacturer Part Number 1"; Value = "MCT06030C1001FP500"; VariantName = "[No Variations]"
Add component (AddParameter): Name = "Package"; Value = "0805"; VariantName = "[No Variations]"
Add component (AddParameter): Name = "Part Number"; Value = "RES 1k 1/8W"; VariantName = "[No Variations]"
Add component (AddParameter): Name = "Power (Watts)"; Value = "0.125W"; VariantName = "[No Variations]"
Add component (AddParameter): Name = "Supplier 1"; Value = "Digi-Key"; VariantName = "[No Variations]"
Add component (AddParameter): Name = "Supplier Part Number 1"; Value = "MCT0603-1.00K-CFCT-ND"; VariantName = "[No Variations]"
Add component (AddParameter): Name = "Supplier URL 1"; Value = "https://www.digikey.ca/en/products/detail/vishay-beyschlag-draloric-bc-components/MCT06030C1001FP500/2607821?s=N4IgTCBcDaILIGEAqAGAbCgzAWgIwDoUUBpbBAMWWwDkAREAXQF8g"; VariantName = "[No Variations]"
Add component (AddParameter): Name = "Tolerance"; Value = "1%"; VariantName = "[No Variations]"
Add component (AddParameter): Name = "Value"; Value = "1k"; VariantName = "[No Variations]"
Add Component: Footprint Not Found SW_TL3305AF260QG
Added Component: Designator=U4(PQFN50P700X700X104-49N - BigPads)
Add component (AddParameter): Name = "Availability"; Value = "Warning"; VariantName = "[No Variations]"
Add component (AddParameter): Name = "Check_prices"; Value = "https://www.snapeda.com/parts/ESP32-PICO-D4/Espressif%20Systems/view-part/2762121/?ref=eda"; VariantName = "[No Variations]"
Add component (AddParameter): Name = "Manufacturer Part Number 1"; Value = "ESP32-PICO-D4"; VariantName = "[No Variations]"
Add component (AddParameter): Name = "MF"; Value = "Espressif Systems"; VariantName = "[No Variations]"
Add component (AddParameter): Name = "MP"; Value = "ESP32-PICO-D4"; VariantName = "[No Variations]"
Add component (AddParameter): Name = "Package"; Value = "SMD-48 Espressif Systems"; VariantName = "[No Variations]"
Add component (AddParameter): Name = "Part Number"; Value = "ESP32-PICO-D4"; VariantName = "[No Variations]"
Add component (AddParameter): Name = "Price"; Value = "None"; VariantName = "[No Variations]"
Add component (AddParameter): Name = "Purchase-URL"; Value = "https://pricing.snapeda.com/search/part/ESP32-PICO-D4/?ref=eda"; VariantName = "[No Variations]"
Add component (AddParameter): Name = "SnapEDA_Link"; Value = "https://www.snapeda.com/parts/ESP32-PICO-D4/Espressif%20Systems/view-part/2762121/?ref=snap"; VariantName = "[No Variations]"
Add component (AddParameter): Name = "Supplier 1"; Value = "Digi-key"; VariantName = "[No Variations]"
Add component (AddParameter): Name = "Supplier Part Number 1"; Value = "1904-1029-1-ND"; VariantName = "[No Variations]"
Add component (AddParameter): Name = "Supplier URL 1"; Value = "https://www.digikey.com/en/products/detail/espressif-systems/ESP32-PICO-D4/9381722"; VariantName = "[No Variations]"
Add component (AddParameter): Name = "Value"; Value = ""; VariantName = "[No Variations]"
Add Pin To Net: Unknown Pin: Pin BOOT1-1
Added Pin To Net: NetName=GND Pin=C13-1
Add Pin To Net: Unknown Pin: Pin C14-1
Add Pin To Net: Unknown Pin: Pin C15-1
Added Pin To Net: NetName=GND Pin=C16-1
Added Pin To Net: NetName=GND Pin=C17-1
Added Pin To Net: NetName=GND Pin=C18-1
Added Pin To Net: NetName=GND Pin=C19-1
Added Pin To Net: NetName=GND Pin=C20-1
Added Pin To Net: NetName=GND Pin=C21-1
Added Pin To Net: NetName=GND Pin=C22-1
Added Pin To Net: NetName=GND Pin=C23-1
Added Pin To Net: NetName=5V Pin=D5-A
Added Pin To Net: NetName=GND Pin=J13-4
Add Pin To Net: Unknown Pin: Pin RESET1-1
Added Pin To Net: NetName=GND Pin=U4-49
Added Pin To Net: NetName=3V3 Pin=C16-2
Added Pin To Net: NetName=3V3 Pin=C17-2
Added Pin To Net: NetName=3V3 Pin=C18-2
Added Pin To Net: NetName=3V3 Pin=C19-2
Added Pin To Net: NetName=3V3 Pin=C20-2
Added Pin To Net: NetName=3V3 Pin=C21-2
Added Pin To Net: NetName=3V3 Pin=C22-2
Added Pin To Net: NetName=3V3 Pin=C23-2
Added Pin To Net: NetName=3V3 Pin=R14-1
Added Pin To Net: NetName=3V3 Pin=R17-2
Added Pin To Net: NetName=3V3 Pin=U4-1
Added Pin To Net: NetName=3V3 Pin=U4-3
Added Pin To Net: NetName=3V3 Pin=U4-4
Added Pin To Net: NetName=3V3 Pin=U4-19
Added Pin To Net: NetName=3V3 Pin=U4-26
Added Pin To Net: NetName=3V3 Pin=U4-37
Added Pin To Net: NetName=3V3 Pin=U4-43
Added Pin To Net: NetName=3V3 Pin=U4-46
Added Net: Name=3V3
Added Pin To Net: NetName=5V_FLASH Pin=D4-A
Added Pin To Net: NetName=5V_FLASH Pin=J13-1
Added Net: Name=5V_FLASH
Added Pin To Net: NetName=5V_PI Pin=D4-C
Added Pin To Net: NetName=5V_PI Pin=D5-C
Added Pin To Net: NetName=5V_PI Pin=J3-02
Added Pin To Net: NetName=5V_PI Pin=J3-04
Added Pin To Net: NetName=5V_PI Pin=R9-2
Added Net: Name=5V_PI
Added Pin To Net: NetName=EN Pin=C13-2
Added Pin To Net: NetName=EN Pin=R14-2
Added Pin To Net: NetName=EN Pin=U4-9
Added Net: Name=EN
Added Pin To Net: NetName=FLASH_RX Pin=FL_RX1-1
Added Pin To Net: NetName=FLASH_RX Pin=R13-2
Added Pin To Net: NetName=FLASH_RX Pin=U4-40
Added Net: Name=FLASH_RX
Added Pin To Net: NetName=FLASH_TX Pin=FL_TX1-1
Added Pin To Net: NetName=FLASH_TX Pin=R15-2
Added Pin To Net: NetName=FLASH_TX Pin=U4-41
Added Net: Name=FLASH_TX
Added Pin To Net: NetName=IO0 Pin=R17-1
Added Pin To Net: NetName=IO0 Pin=U4-23
Added Net: Name=IO0
Added Pin To Net: NetName=Net1_1 Pin=1-1
Added Pin To Net: NetName=Net1_1 Pin=U4-7
Added Net: Name=Net1_1
Added Pin To Net: NetName=Net2_1 Pin=2-1
Added Pin To Net: NetName=Net2_1 Pin=U4-8
Added Net: Name=Net2_1
Added Pin To Net: NetName=Net3_1 Pin=3-1
Added Pin To Net: NetName=Net3_1 Pin=U4-10
Added Net: Name=Net3_1
Added Pin To Net: NetName=Net4_1 Pin=4-1
Added Pin To Net: NetName=Net4_1 Pin=U4-32
Added Net: Name=Net4_1
Added Pin To Net: NetName=Net5_1 Pin=5-1
Added Pin To Net: NetName=Net5_1 Pin=U4-11
Added Net: Name=Net5_1
Added Pin To Net: NetName=Net6_1 Pin=6-1
Added Pin To Net: NetName=Net6_1 Pin=U4-33
Added Net: Name=Net6_1
Added Pin To Net: NetName=Net7_1 Pin=7-1
Added Pin To Net: NetName=Net7_1 Pin=U4-22
Added Net: Name=Net7_1
Added Pin To Net: NetName=Net8_1 Pin=8-1
Added Pin To Net: NetName=Net8_1 Pin=U4-31
Added Net: Name=Net8_1
Added Pin To Net: NetName=Net9_1 Pin=9-1
Added Pin To Net: NetName=Net9_1 Pin=U4-30
Added Net: Name=Net9_1
Added Pin To Net: NetName=Net10_1 Pin=10-1
Added Pin To Net: NetName=Net10_1 Pin=U4-2
Added Net: Name=Net10_1
Added Pin To Net: NetName=Net11_1 Pin=11-1
Added Pin To Net: NetName=Net11_1 Pin=U4-18
Added Net: Name=Net11_1
Added Pin To Net: NetName=Net12_1 Pin=12-1
Added Pin To Net: NetName=Net12_1 Pin=U4-36
Added Net: Name=Net12_1
Added Pin To Net: NetName=Net13_1 Pin=13-1
Added Pin To Net: NetName=Net13_1 Pin=U4-25
Added Net: Name=Net13_1
Added Pin To Net: NetName=Net14_1 Pin=14-1
Added Pin To Net: NetName=Net14_1 Pin=U4-27
Added Net: Name=Net14_1
Added Pin To Net: NetName=Net15_1 Pin=15-1
Added Pin To Net: NetName=Net15_1 Pin=U4-42
Added Net: Name=Net15_1
Added Pin To Net: NetName=Net16_1 Pin=16-1
Added Pin To Net: NetName=Net16_1 Pin=U4-45
Added Net: Name=Net16_1
Added Pin To Net: NetName=Net17_1 Pin=17-1
Added Pin To Net: NetName=Net17_1 Pin=U4-44
Added Net: Name=Net17_1
Added Net: Name=NetBOOT1_3
Added Net: Name=NetC15_2
Added Pin To Net: NetName=NetJ13_2 Pin=J13-2
Added Pin To Net: NetName=NetJ13_2 Pin=R13-1
Added Net: Name=NetJ13_2
Added Pin To Net: NetName=NetJ13_3 Pin=J13-3
Added Pin To Net: NetName=NetJ13_3 Pin=R15-1
Added Net: Name=NetJ13_3
Added Pin To Net: NetName=NetR16_1 Pin=R16-1
Added Net: Name=NetR16_1
Added Pin To Net: NetName=NetR16_2 Pin=R16-2
Added Pin To Net: NetName=NetR16_2 Pin=U4-39
Added Net: Name=NetR16_2
Added Pin To Net: NetName=NetR18_1 Pin=R18-1
Added Pin To Net: NetName=NetR18_1 Pin=U4-38
Added Net: Name=NetR18_1
Added Pin To Net: NetName=NetR18_2 Pin=R18-2
Added Net: Name=NetR18_2
Added Pin To Net: NetName=NetU4_5 Pin=U4-5
Added Net: Name=NetU4_5
Added Pin To Net: NetName=NetU4_6 Pin=U4-6
Added Net: Name=NetU4_6
Added Pin To Net: NetName=NetU4_12 Pin=U4-12
Added Net: Name=NetU4_12
Added Pin To Net: NetName=NetU4_13 Pin=U4-13
Added Net: Name=NetU4_13
Added Pin To Net: NetName=NetU4_14 Pin=U4-14
Added Net: Name=NetU4_14
Added Pin To Net: NetName=NetU4_15 Pin=U4-15
Added Net: Name=NetU4_15
Added Pin To Net: NetName=NetU4_16 Pin=U4-16
Added Net: Name=NetU4_16
Added Pin To Net: NetName=NetU4_17 Pin=U4-17
Added Net: Name=NetU4_17
Added Pin To Net: NetName=NetU4_20 Pin=U4-20
Added Net: Name=NetU4_20
Added Pin To Net: NetName=NetU4_21 Pin=U4-21
Added Net: Name=NetU4_21
Added Pin To Net: NetName=NetU4_24 Pin=U4-24
Added Net: Name=NetU4_24
Added Pin To Net: NetName=NetU4_28 Pin=U4-28
Added Net: Name=NetU4_28
Added Pin To Net: NetName=NetU4_29 Pin=U4-29
Added Net: Name=NetU4_29
Added Pin To Net: NetName=NetU4_34 Pin=U4-34
Added Net: Name=NetU4_34
Added Pin To Net: NetName=NetU4_35 Pin=U4-35
Added Net: Name=NetU4_35
Added Class: Name=ESP32 Microcontroller
Added Member To Class: ClassName=Power Input & Regulation Member=Component D4 SM5817PL-TP
Added Member To Class: ClassName=Power Input & Regulation Member=Component D5 SM5817PL-TP
Added Room: Name=ESP32 Microcontroller
