Change Component Designator: Old Designator=? New Designator=1
Change Component Designator: Old Designator=? New Designator=2
Change Component Designator: Old Designator=? New Designator=3
Change Component Designator: Old Designator=? New Designator=4
Change Component Designator: Old Designator=? New Designator=5
Change Component Designator: Old Designator=? New Designator=6
Change Component Designator: Old Designator=? New Designator=7
Change Component Designator: Old Designator=? New Designator=8
Change Component Designator: Old Designator=? New Designator=9
Change Component Designator: Old Designator=? New Designator=10
Change Component Designator: Old Designator=? New Designator=11
Change Component Designator: Old Designator=? New Designator=12
Change Component Designator: Old Designator=? New Designator=13
Change Component Designator: Old Designator=? New Designator=14
Change Component Designator: Old Designator=? New Designator=15
Change Component Designator: Old Designator=? New Designator=16
Change Component Designator: Old Designator=? New Designator=17
Change Component Designator: Old Designator=BOOT? New Designator=BOOT1
Change Component Designator: Old Designator=C? New Designator=C13
Change Component Designator: Old Designator=C? New Designator=C14
Change Component Designator: Old Designator=C? New Designator=C15
Change Component Designator: Old Designator=C? New Designator=C16
Change Component Designator: Old Designator=C? New Designator=C17
Change Component Designator: Old Designator=C? New Designator=C18
Change Component Designator: Old Designator=C? New Designator=C19
Change Component Designator: Old Designator=C? New Designator=C20
Change Component Designator: Old Designator=C? New Designator=C21
Change Component Designator: Old Designator=C? New Designator=C22
Change Component Designator: Old Designator=C? New Designator=C23
Change Component Designator: Old Designator=FL_RX? New Designator=FL_RX1
Change Component Designator: Old Designator=FL_TX? New Designator=FL_TX1
Change Component Designator: Old Designator=J? New Designator=J13
Change Component Designator: Old Designator=R? New Designator=R13
Change Component Designator: Old Designator=R? New Designator=R14
Change Component Designator: Old Designator=R? New Designator=R15
Change Component Designator: Old Designator=R? New Designator=R16
Change Component Designator: Old Designator=R? New Designator=R17
Change Component Designator: Old Designator=R? New Designator=R18
Change Component Designator: Old Designator=RESET? New Designator=RESET1
Change Component Designator: Old Designator=U? New Designator=U4
